26 GH
24 ON
23 KF
21 DF
18 RI
17 RP
15 FD
14 RB
13 GO
13 FI
13 BU
12 VA
12 GK
11 UO
11 UB
10 CH
9 SF
9 OP
9 OD
9 HT
8 MG
7 TR
7 TO
7 TN
7 PU
7 PG
7 OH
7 LG
7 KC
7 ED
7 DS
7 DP
7 CD
7 BI
6 YQ
6 WQ
6 WF
6 WA
6 TM
6 RK
6 PO
6 OM
6 MY
6 KA
6 HG
6 FU
6 BW
5 WB
5 UK
5 TZ
5 TF
5 SU
5 RG
5 QA
5 MX
5 KU
5 KB
5 IC
5 HD
5 CN
5 CI
5 BD
4 VB
4 UP
4 TP
4 QB
4 PQ
4 NQ
4 KR
4 IU
4 IO
4 HQ
4 HF
4 HC
4 GS
4 GP
4 FS
4 DY
4 DO
4 BH
4 AL
3 ZQ
3 WI
3 VH
3 US
3 TH
3 TG
3 RY
3 QW
3 PT
3 PR
3 PK
3 PF
3 OK
3 MT
3 KW
3 KI
3 IR
3 IB
3 GQ
3 GI
3 GC
3 FP
3 FB
3 DH
3 DC
3 DB
3 CV
3 BN
3 BK
3 BF
3 AS
3 AQ
3 AN
2 ZK
2 YC
2 YB
2 VQ
2 VK
2 VI
2 VD
2 TQ
2 TB
2 SY
2 SE
2 RT
2 RM
2 QY
2 QV
2 QP
2 PV
2 PI
2 PD
2 OU
2 NF
2 ML
2 LH
2 IW
2 ID
2 HL
2 GT
2 GE
2 FY
2 FW
2 FC
2 EK
2 EI
2 DE
2 CK
2 CG
2 BR
2 AV
2 AH
1 ZT
1 ZG
1 YS
1 YM
1 YE
1 XM
1 WD
1 VS
1 VR
1 VP
1 VG
1 VF
1 VC
1 UR
1 UM
1 UI
1 UF
1 TE
1 TA
1 RO
1 RH
1 RF
1 QT
1 QR
1 QO
1 QN
1 QK
1 QF
1 PZ
1 PY
1 OV
1 OT
1 NZ
1 NT
1 NR
1 NO
1 NK
1 MZ
1 MS
1 MQ
1 MO
1 MC
1 LZ
1 LV
1 LR
1 LQ
1 LB
1 KQ
1 KD
1 IV
1 IS
1 IL
1 IG
1 IE
1 IA
1 HU
1 HS
1 HP
1 HN
1 HM
1 HB
1 GZ
1 GW
1 GV
1 GN
1 GM
1 GA
1 FR
1 FQ
1 FE
1 ET
1 EF
1 EB
1 EA
1 DX
1 DV
1 DR
1 DN
1 DM
1 DK
1 DI
1 CQ
1 CF
1 BY
1 BV
1 BS
1 BQ
1 BM
1 BL
1 BG
1 BE
1 AW
1 AT
1 AR
1 AP
1 AI
1 AE
