 
HJZLN WUOQR VJBSL SSBHJ ZNTFL 
GVCPJ NSKUP WIUVJ RNYPB GLOAG 
BCWPW PZCNU NQZTR MPVFN PIHVZ 
NTQMG EVHMA WSNKM KQMHS YBCVH 
KZCFJ UWXMT VIXIM CBULU WHMYB 
IFGRE IMIWB EXZOH NIQBV GDYDS 
GQAHD NOCHC DBSFR EIMNJ MSJTL 
HYBHG VCQAQ JYPJC WCPVJ GDQBF 
ZOINH CBWRI BCWNR CFKNP HFHFI 
GRPNQ JIIQA CBECF NKDSW CKILB 
WBCVC ALTLN LTRMK JJLWP FGZPW 
TOUIB GTAOW MKWKG QAGYB GZSDM 
AOHNX IZNTK KJLQV SKPJR WYGXM 
TVIXI MKVSJ TLHRU QGCHR DXHBC 
ZSUZH OYCYM ZAPJZ SIYVH RVJMT 
HHEVQ DOCTN CVOQX ESSNH OMROA 
CYBWA WDNPO QFECH CQAGD ZGEOU 
ZCFTO SMRCM KJSXC VRQZW FYBHK 
WVTKU HUKZC MPOHX IXBVQ APWJH 
KTSGZ HHFIW PSTRE HJIPT MRIAF 
TSDTD AMWBN XKAYQ JSBNH VWIVC 
AGSYI GDWVP OGSGW GVCWI GYKVU 
WCACS YECWN OXNFB OWGHA KISXH 
ZCHOD TJCIP HHZJH MXBVO UOUPS 
XGOMS OOBJQ NQBIY KBNNO IMKVR 
SFFVW PGZJI MYNIG WMKMF FSGFC 
HESGO KTHLI AUDJW PSPXA BFDQZ 
DBMWA NXVES TZJDY VWQZW ODFTO 
JPCWO AVDJV AOQXE SSNKQ GVJNN 
YBGXM UVIWI UJMPG BWCBC VPOEP 
NGYII JIKGZ XSAUB OUOEB LQLBV 
VCAIM CTLRB IWGYS UMWII KUIDQ 
ASUNK AJIIB VGZWG QSMQB JNICX 
NVXSE DBXHU NTMVI ATWOE CWNOI 
DWYVP OQJJS USUIA KYWAR IUBOO 
GKTYB HSWPB OPIXG LHROD SNLQC 
ADZNI MLQCU KODSJ HGWTV CABNX 
FTSND JUIIP EWVCP WJJQA GLWHS 
JRFMD VDKCT ZVPSI DNGYC QBSTH 
ASNUV MDHME CIVHB KGZJI MYQTR 
DIZAN XGTSM DJVII OAOIO AFYBH 
NWTNP EMUTI CKJBS LSSBG PZSZN 
HILCP VDATM HZCAV HEDLC UWGWQ 
WQXLV UDTAV DJVQO QNYSF MHLSP 
OEGJF AACPZ SVFND JFWKP ADNJM 
YLICG TZWPS PZSZN HILCP XDCXY 
UIHJZ NIMUP UONDJ UYBHQ FVJIQ 
XWQUD OZPSQ SRJJK JQHYI JQRHO 
DSRCQ BVGCE AQMQN HKZSS XNEIB 
MJBIM YDMGP JZSWH OCLQM DDBYX 
MFVHW ZQYUX MTVIX IMYMF HXKBX 
NUCQV ZZUTL GFOPK HSNHW PSFZE 
GJFOM RLIWB JWUWD QGEHG SRZWY 
VPSNH GQJKY QPQMV PSOVP SUYUQ 
CFIQQ NUPAK KJNIQ YGMUA KPPQM 
QJILG PFJFD BWXZH NXGCT ZSTNO 
RCGAK KODBZ WJAHH ZLSWM LLSUO 
DDZAJ BVHNA KJLHQ BHVYI HIPAH 
UPYHJ XLVBW WEPNN UMZIO DWXNU 
IRKOE DSQCA QDMNW JXRVW PIQQN 
UCNHH MPVJM HACWO DTWHT CZHMO 
ZTMWK CPOND QIHMU BKPOS XHDSP 
OQPQF AUCUZ LMWUP QRURA GJUEB 
IDGHM GOLTH KIJJG CCBVD IAUDJ 
WBVQP CWTHC UIFCO AFFOM FUXWA 
JIVPS UKUFF GLLGK IPWJQ QZZGX 
AFYUL VZAZT XXNDC HWCAW WJXZD 
QNAUT LVPSP JOHUU UBKCN ZXKZG 
ZSQOP VFHWP CUZKU FHEQS QOAUD 
JWBVG HKHYZ CUCXN KIYML LSGBU 
EYUTM DUJXO GFBBV QNAAT WCBSG 
DJAJR LKCCI ZITNJ MGRPP VTZPM 
LKXKQ ZNVPS VZWDU YDZHQ CWKJV 
GMBEP EZYGR ZSCNP TRJNM GLIAU 
DJWIZ NWQIF MGTSF OBSBI IBVGK 
UGFGK LGZZN SGOLT HCNPD RVUAC 
PZPWR YVBCJ JHSYB GXVBN EQFFE 
WRAJB PUBCZ ORCWG BYOTO UJPWJ 
LKVRL QERZU OACTO KWTFF BVHNK 
IQIIB VGYAR JUUMR DNEBY BHKOU 
ZKUYB GAADG HQZFW XMTVI XIMDC 
WOOJS CNWWH JZHPW AGZCQ ZOCYB 
HZKKN AIMYR CFSJO STZRV ZAVBT 
BMOIZ OMAUN IQIZU OAEUY FXMUV 
IWIMU MACDJ HJFWA WYZSV NFHXM 
TVIXI MYMFH AKFYB HUCUO LPWNV 
WAENB CWNKM DJVNP TBUWT HBUDY 
IQMAW NPCJP GZHKZ HSXMT CSUOE 
DSNJM FHVOC SNKIH GBUEY CCVFX 
GAFXW KWGGO DXXJC ZHLXQ ZFLVP 
ORZWC IZQZH KVPAF NWMFY CUIMY 
AJILG PHMYP ACNVN VJNQL OBRAP 
JFLMJ GODPY NJMMF CKGJN KMGJV 
LTNHQ ZRHMP CRCPQ QVCAQ JHDMB 
DKUFF GLLGJ VLTIM VWBHA KISXL 
VHJZA PWFKM GWJBH JGSTS URDXH 
BKBGH GBWXN KWIIC PITMA UPRGE 
NJNKM DTDIT AUNUC XIZTW IPEVK 
XDIMY GOMSO EOSME MZKZR TIFKN 
SHHAF LYGBV KNWAX IEWBQ ZYHJX 
WPSRT NPRCF BCUZP VJMXV UQYWH 
NNYIG KZWQH IULWP BPDXI OMCIO 
DSFHF QSPOA VDJVU MWCKZ TABEV 
QMKHJ ZTWAW CADWC PMJCG IDZHF 
BCFMA OYYOQ TGVOU FLVPS JMAOY 
MLHSQ AIPSS QNHKZ LMWUP QRUDJ 
TLSRB KHXWB WYDTZ AJJAD MWZAL 
NAHMU WBVGK DPWUQ PGZZN SRUNQ 
BIVOI FNGUS QOWPT OWBVG DNDBH 
RWKHM WBIJH ZVCKO PGIWB HKZCZ 
TLBIB FNPGJ HIBVR APVJC UKCWI 
PGDBQ ESYZN WYMKW INYWA XIDMF 
HHAAG YUMRV CWIRU PGCIO DSQUW 
BSTKU GFGKL GZZNS SIWVS CMHNF 
MNIFJ ZWGYB HOFGV PEDLC UWGNW 
HLCCI OPYAA XYYPS UZLMW UPQRU 
ZRDQP GLHKZ BWWMW WTVCA BBUUV 
CWVLS WZHKH NTBDW GGLDB MWANX 
LVTCX PIMYH QFVOL MWUPQ RYZXT 
QCGDS WCWHB UVJIK GPXSY IGDWO 
DOYII LXQNA GBUUV CWVPF ZYSGF 
CHESF NCTZZ DPVXG RWHJN ESJMC 
VRDKK WSNDB HJZPD ULCBV HMEHX 
MLLSU RAGJM VMDSZ ZOSXW PSVJL 
DKNJM DBMWA NXWZI PXWIJ XYQHK 
VBZFN VCFHV YTFMD MGWRA YSIZI 
GVCAT LSRBW DILMW UPQRU ZRDQP 
GLHKZ NSBYU MTCDH JWYUI GZZHZ 
LFRZW QPOUF CNCFH NQBYC ONWPV 
HADNJ MMJJP WYLLO VVREI MQJIH 
ZVODW IEIPN TPWJZ KZGWN ICTNK 
AWFZZ IWOGX MUVIW IVXQZ VVPBJ 
CFCAL IBOHN SGFCH ESXWQ VHLIQ 
SINRM JQGRT YBTWI JCKIY NKMWT 
CEHYI TGDHM DOUMQ WHCGS PDMKV 
CXOSO WXDXD GVNPS WGAPX OEBYB 
HEOAO DPYNJ MMZZN SGOLT HCIZX 
SNJMH KZKZT ABAIT MKJSX KVUWC 
AWWWR VGVMQ RYCQV TRMAL FGSTS 
VJSPW XUBVH GWHYY UXOTO KUJAA 
XHVKU FFGLL OIZKH NLKIB EZHWJ 
ZVASG HPDMU XMVDY ICWYD VROJN 
TNGRI QWJJH MYDZF CICTR YPBOQ 
YHODI XBCHO DTXOD BSUMW BJUQK 
VCHXT WMJWK HQAFX IRVOH OAGYB 
GNWUN PDDLD UWFNS TWYDC WOOPV 
JCUNC THXTH UOMGR HAKMU WAHCI 
ZPWXK HSGMK MFFSG FCHES HIOXZ 
HSAGN HFTIF ZZIMY OIWQK UFFGL 
LOEJQ GYSCZ RVPNF TOQLW PBPWJ 
GCQBS TNORC GIAWX DHRUN TSUXQ 
ZYJBZ OODZU TLVPS NDJUX MRCZC 
HKGYO CZMWZ IDQYV QHWVP TIHGF 
HWJPV JGDQB RTNPR CFIBH IYZTM 
XZSYV HAFHF IQDPO SBUBB VCOHT 
IXQEB WJWJF FOMMV ZIEQY UWAHK 
UFFGL LQQHL AJRGA WQXHI IYGAI 
DNESN UTGGP VHZJL SGFCH ESXZQ 
ZTDHE ZDGHU PGMOP SXOWG WRAFJ 
MXZFQ PJSJX DGGRH AGTLW WTVJI 
QXZQZ TDHEZ DGHUP GMODZ LVPWQ 
FEBLI QXMTV IXIMJ IGHQK ZAYGK 
CPNES JLCJZ BJRSW NKMMG VNHRU 
PGCIP OKMID ZSCWE ITFFM FZZNS 
YUXOV VODPY NJMDB MWANX VESTZ 
XJNFV CGLIC XJQLA VUGWK JFCJC 
URDWH BLAOH VXGNW CBWRI KTNGP 
MBUZL GTJQZ HLJJG RIVBC HODTU 
STIAL YOKJL HJIKG PATHI JSIJN 
SYBHR SYNIP IYVPS LMWDU YDZOP 
XAWNM VWFLX WZQSD VREPN GJHVT 
MPVJM NZQWH OJOIX WJWZD MOPJF 
LMJGO DTDQG ZSQJP PZCOB IUDJV 
XFCDS OVXCW UWIZN JNEJL JIDVV 
JCRCQ IZPPI QJLQN GOVRS XIWPS 
TREHJ QGKOQ VHGTX LAAKN ODKZJ 
IBGVH HJLQI HKQAI MYQZW HNNSQ 
UWMRV JWANY PACUN KAJFR AHEPH 
IZLGJ SLICF JMSWB UDXAJ ZQZDB 
MWANX ECWNY ECLNJ MFHDO XZMWN 
OTOKD ROEPS YDZSS WHQBE GQSNH 
IBCRG ORWUZ QBINA KTFWB WRIWF 
DWKIB IZOPS XGDSQ RKFPY UDWNG 
WVJMV POWMQ ZJNKM GGAWG KYVKV 
HYERJ UVWPU JHTYY JWKHQ AFXIP 
MAANP TWCGA FHHWW SYYMB KIODR 
YQNHK ZXSXN ZMZNF JDBHR GFDHE 
RXNKM AQNPU FGQCG RAPVJ GDTZV 
CAVWY CBDBM WANXR NYJPB JHIPB 
WQPAG DYDZO HOAGD YCZHR BEJJO 
SITGR IDWYU MQUZP GFHGB VGMAS 
TODBZ HNOFJ GDQBU HQRMN QTSDM 
JTWIP BVGNA TLSRB WDIPF JUVCF 
GNPWJ LGUOB ZRSSV HWBGJ NBTLG 
XMUVI WIMBM HVJXT ICUKC YZNSI
