 
HJZLM WUOQR UJBSL SRBHJ ZNSFL 
GVCOJ NSKUO WIUVJ QNYPB GKOAG 
BCVPW PZCMU NQZTQ MPVFN OIHVZ 
NSQMG EVGMA WSNJM KQMHR YBCVH 
JZCFJ UVXMT VIWIM CBUKU WHMYA 
IFGRE HMIWB EWZOH NIPBV GDYCS 
GQAHC NOCHC CBSFR EHMNJ MSITL 
HYBGG VCQAP JYPJC VCPVJ GCQBF 
ZOHNH CBWQI BCWNQ CFKNP GFHFI 
GQPNQ JIHQA CBEBF NKDSV CKILB 
VBCVC AKTLN LTQMK JJLVP FGZPV 
TOUIB FTAOW MJWKG QAFYB GZSCM 
AOHNW IZNTK JJLQV SJPJR WYFXM 
TVIWI MKVSI TLHRU PGCHR DWHBC 
ZSTZH OYCXM ZAPJY SIYVH QVJMT 
HGEVQ DOBTN CVOPX ESSNG OMROA 
BYBWA WCNPO QFDCH CQAFD ZGEOT 
ZCFTO RMRCM KISXC VRPZW FYBGK 
WVTKT HUKZC LPOHX IWBVQ APVJH 
KTSFZ HHFIV PSTRE GJIPT MQIAF 
TSCTD AMWAN XKAYP JSBNH UWIVC 
AFSYI GDVVP OGSFW GVCWH GYKVU 
VCACS YDCWN OXMFB OWGGA KISXG 
ZCHOD SJCIP HGZJH MXAVO UOUOS 
XGOMR OOBJQ MQBIY KANNO IMJVR 
SFFUW PGZJH MYNIG VMKMF FRGFC 
HERGO KTHKI AUDJV PSPXA AFDQZ 
DAMWA NXUES TZJCY VWQZV ODFTO 
IPCWO AUDJV AOPXE SSNJQ GVJNM 
YBGXM TVIWI UIMPG BWBBC VPODP 
NGYIH JIKGZ WSAUB OTOEB LQKBV 
VCAHM CTLRA IWGYS TMWII KTIDQ 
ASTNK AJIHB VGZWF QSMQB INICX 
NUXSE DBWHU NTMUI ATWOD CWNOI 
CWYVP OPJJS USTIA KYWZR IUBON 
GKTYB GSWPB OOIXG LHQOD SNLPC 
ADZNH MLQCU JODSJ HFWTV CAANX 
FTSMD JUIIO EWVCP VJJQA GKWHS 
JREMD VDKBT ZVPSH DNGYC PBSTH 
ARNUV MDGME CIVGB KGZJH MYQTR 
CIZAN XFTSM DJUII OAOHO AFYBG 
NWTNP DMUTI CJJBS LSRBG PZSYN 
HILCO VDATM GZCAV HDDLC UWFWQ 
WQXKV UDTAU DJVQO PNYSF MGLSP 
OEFJF AACOZ SVFNC JFWKP ZDNJM 
YKICG TZVPS PZSYN HILCO XDCXY 
TIHJZ NHMUP UOMDJ UYBGQ FVJIP 
XWQUD NZPSQ SQJJK JQGYI JQRGO 
DSRCP BVGCE ZQMQN HJZSS XNDIB 
MJBHM YDMGO JZSWH NCLQM DCBYX 
MFUHW ZQYTX MTVIW IMYMF GXKBX 
NTCQV ZZTTL GFOOK HSNHV PSFZE 
FJFOM RKIWB JWTWD QGEGG SRZWX 
VPSNH FQJKY QOQMV PSNVP SUYTQ 
CFIQP NUPAK JJNIQ YFMUA KPOQM 
QJIKG PFJFC BWXZH MXGCT ZRTNO 
RCFAK KODAZ WJAHG ZLSWM KLSUO 
DCZAJ BVGNA KJLGQ BHVYH HIPAH 
TPYHJ XKVBW WEONN UMZHO DWXNT 
IRKOE CSQCA QCMNW JXQVW PIQPN 
UCNHG MPVJM GACWO DSWHT CZGMO 
ZTMVK CPONC QIHMU AKPOS XGDSP 
OQOQF AUCTZ LMWUO QRURA FJUEB 
ICGHM GOKTH KIJIG CCBVC IAUDJ 
VBVQP CVTHC UIECO AFFNM FUXWZ 
JIVPS TKUFF GKLGK IPVJQ QZZFX 
AFYUK VZAZT WXNDC HVCAW WJWZD 
QNATT LVPSO JOHUU TBKCN ZWKZG 
ZSPOP VFHVP CUZKT FHEQS POAUD 
JVBVG HKGYZ CUCWN KIYMK LSGBU 
DYUTM DTJXO GFABV QNAZT WCBSF 
DJAJR KKCCI ZHTNJ MGQPP VTZOM 
LKXKP ZNVPS UZWDU YCZHQ CWJJV 
GMBDP EZYGQ ZSCNP SRJNM GKIAU 
DJVIZ NWQHF MGTSE OBSBI HBVGK 
UFFGK LGYZN SGOKT HCNPC RVUAC 
OZPWR YUBCJ JHRYB GXVAN EQFFD 
WRAJB OUBCZ OQCWG BYNTO UJPVJ 
LKVRK QERZU NACTO KVTFF BVGNK 
IQIHB VGYAQ JUUMR CNEBY BGKOU 
ZKTYB GAACG HQZFV XMTVI WIMDC 
WNOJS CNVWH JZHOW AGZCP ZOCYB 
GZKKN AHMYR CFRJO STZQV ZAVBS 
BMOIZ NMAUN IPIZU OADUY FXMTV 
IWIMT MACDJ GJFWA WXZSV NFGXM 
TVIWI MYMFG AKFYB GUCUO LOWNV 
WADNB CWNJM DJVNO TBUWT GBUDY 
IPMAW NPBJP GZHJZ HSXMS CSUOE 
CSNJM FGVOC SNJIH GBUDY CCVFW 
GAFXW JWGGO DWXJC ZHKXQ ZFLUP 
ORZWB IZQZH JVPAF NVMFY CUHMY 
AJIKG PHMYO ACNVN UJNQL OARAP 
JFKMJ GODOY NJMME CKGJN JMGJV 
LSNHQ ZRGMP CRCOQ QVCAP JHDMB 
CKUFF GKLGJ VLSIM VWBGA KISXK 
VHJZA OWFKM GVJBH JGRTS URDWH 
BKBGG GBWXN JWIIC PHTMA UPQGE 
NJNJM DTDIS AUNUC WIZTW IOEVK 
XDHMY GOMRO EOSMD MZKZR SIFKN 
SGHAF LYFBV KNWZX IEWBP ZYHJX 
VPSRT NORCF BCTZP VJMWV UQYWG 
NNYIG JZWQH ITLWP BPCXI OMCHO 
DSFHE QSPOA UDJVU MVCKZ TAAEV 
QMKGJ ZTWAV CADWC OMJCG ICZHF 
BCEMA OYYNQ TGVOT FLVPS IMAOY 
MKHSQ AIOSS QNHJZ LMWUO QRUDJ 
SLSRB KGXWB WYCTZ AJJZD MWZAK 
NAHMU VBVGK DOWUQ PGYZN SRUMQ 
BIVOH FNGUS POWPT OVBVG DNCBH 
RWKGM WBIJG ZVCKO OGIWB HJZCZ 
TLAIB FNPFJ HIBVQ APVJC TKCWI 
PFDBQ ESXZN WYMJW INYWZ XIDMF 
GHAAG YTMRV CWHRU PGCHO DSQUV 
BSTKU FFGKL GYZNS SIVVS CMHMF 
MNIFI ZWGYB GOFGV PDDLC UWFNW 
HLCBI OPYAZ XYYPS TZLMW UOQRU 
ZRCQP GLHJZ BWWMV WTVCA ABUUV 
CVVLS WZGKH NTBCW GGLDA MWANX 
KVTCX PHMYH QFUOL MWUOQ RYZXS 
QCGDS VCWHB UUJIK GPWSY IGDVO 
DOYIH LXQNA FBUUV CVVPF ZYRGF 
CHERF NCTZY DPVXG QWHJN ERJMC 
VRCKK WSNCB HJZPC ULCBV GMEHX 
MKLSU RAFJM VMDRZ ZOSXV PSVJL 
CKNJM DAMWA NXVZI PXWHJ XYQHJ 
VBZFN UCFHV YSFMD MGVRA YSIYI 
GVCAS LSRBW CILMW UOQRU ZRCQP 
GLHJZ NSBYT MTCDH IWYUI GYZHZ 
LFQZW QPOTF CNCFG NQBYC NNWPV 
HZDNJ MMIJP WYLKO VVREH MQJIH 
YVODW IDIPN TPVJZ KZGVN ICTNJ 
AWFZZ HWOGX MTVIW IVWQZ VVPAJ 
CFCAK IBOHN RGFCH ERXWQ VHKIQ 
SINQM JQGRS YBTWI ICKIY NJMWT 
CEGYI TGDGM DOUMP WHCGS ODMKV 
CWOSO WXCXD GVNOS WGAPW OEBYB 
GEOAO DOYNJ MMYZN SGOKT HCIZW 
SNJMH JZKZT AAAIT MKISX KVUVC 
AWWWQ VGVMQ QYCQV TQMAL FGRTS 
VJSOW XUBVG GWHYY TXOTO KTJAA 
XHUKU FFGKL OIZKG NLKIB DZHWJ 
ZUASG HPCMU XMVCY ICWYC VROJN 
SNGRI QVJJH MYCZF CICSR YPBOP 
YHODI WBCHO DSXOD BSTMW BJUPK 
VCHXS WMJWK GQAFX IQVOH OAFYB 
GNWTN PDDLC UWFNS SWYDC WNOPV 
JCTNC THXSH UOMGQ HAKMU VAHCI 
ZOWXK HSFMK MFFRG FCHER HIOXZ 
GSAGN HETIF ZZHMY OIWPK UFFGK 
LOEJQ FYSCZ RUPNF TOPLW PBPVJ 
GCQBR TNORC FIAWX DGRUN TSTXQ 
ZYJAZ OODZT TLVPS MDJUX MQCZC 
HKFYO CZMVZ IDQYU QHWVP SIHGF 
HVJPV JGCQB RTNOR CFIBG IYZTM 
WZSYV HZFHF IQCPO SBUAB VCOHS 
IXQEB VJWJF FNMMV ZIDQY UWAGK 
UFFGK LQQHL ZJRGA WPXHI IYFAI 
DNERN UTGGO VHZJL RGFCH ERXZQ 
ZTCHE ZDGGU PGMOO SXOWG VRAFJ 
MWZFQ PJRJX DGGQH AGTLV WTVJI 
PXZQZ TCHEZ DGGUP GMOCZ LVPWP 
FEBLI PXMTV IWIMJ IGGQK ZAYFK 
CPNER JLCJZ AJRSW NJMMG VNGRU 
PGCHP OKMIC ZSCWE HTFFM FYZNS 
YUWOV VODOY NJMDA MWANX UESTZ 
XINFV CGKIC XJQKA VUGWJ JFCJC 
TRDWH BKAOH VXFNW CBWQI KTNGO 
MBUZL FTJQZ HKJJG RIUBC HODSU 
STIAK YOKJL GJIKG PZTHI JSHJN 
SYBGR SYNIO IYVPS KMWDU YCZOP 
XAVNM VWFKX WZQSC VREPN FJHVT 
MOVJM NZPWH OJOHX WJWZC MOPJF 
KMJGO DSDQG ZSPJP PZCNB IUDJU 
XFCDS NVXCW UVIZN JNDJL JIDUV 
JCRCP IZPPI PJLQN GNVRS XIVPS 
TREGJ QGKOP VHGTX KAAKN OCKZJ 
IBFVH HJLPI HKQAH MYQZW GNNSQ 
UVMRV JWZNY PACTN KAJFQ AHEPH 
HZLGJ SKICF JMRWB UDXZJ ZQZDA 
MWANX DCWNY EBLNJ MFGDO XZMVN 
OTOKC ROEPS XDZSS WGQBE GQRNH 
IBCQG ORWUY QBINA JTFWB WQIWF 
DWJIB IZOOS XGDSP RKFPY TDWNG 
WUJMV POVMQ ZJNJM GGAWF KYVKV 
GYERJ UUWPU JHSYY JWKGQ AFXIO 
MAANP SWCGA FGHWW SYXMB KIOCR 
YQNHJ ZXSXN YMZNF JCBHR GFCHE 
RXNJM AQNPT FGQCG QAPVJ GCTZV 
CAUWY CBDAM WANXQ NYJPB IHIPB 
WPPAG DYCZO HOAFD YCZHQ BEJJO 
RITGR ICWYU MQTZP GFHFB VGMAR 
TODBZ GNOFJ GCQBU HQQMN QTSCM 
JTWIO BVGNA SLSRB WCIPF JUUCF 
GNPVJ LGUOA ZRSSV GWBGJ NATLG 
XMTVI WIMAM HVJXS ICUKC XZNSI
