AMI
YPT
REN
AMO
ENT
ITH
TOR
TMA
SEW
THE
HAN
ATP
SAT
EYA
OUT
ONT
MOS
IAT
THE
HEY
ENB
MAI
NAT
TOU
NDA
OFI
TIV
HTT
RLD
RTH
USA
SHO
HER
TUA
RON
EDP
SIN
ANY
HAR
IVE
OWN
NEW
TAN
TEG
HUS
LBU
FEW
UPE
DAN
HEC
AIR
OUT
NIL
OTH
ONL
YAL
DIS
NSO
EGY
YDO
EIN
EBU
HMO
DER
IGH
DYN
DEG
WKI
TMA
LSO
ELA
LPY
UIL
PTH
JOR
DSW
BUI
UGH
PTS
THI
HEP
AGE
ITH
OFB
GST
WIT
IRD
YRE
JOS
OFT
YKI
TSP
ALL
UBU
ETH
YRA
OST
HEK
DED
RNU
ROU
NDO
DDL
OMW
POS
XCE
FTH
INT
ATE
BET
EOL
DDL
OMS
HEF
ARA
YPT
NGD
SER
RAM
DIN
PTI
SED
LYS
TAB
THE
FTH
NGD
ERA
ANM
HEI
COM
YOB
OHI
INT
SOF
TBA
EBE
NLU
EVE
ERP
SWE
TRU
REX
NTH
LME
CRO
YPR
NDI
STH
ERI
ANS
EDE
SOB
LAT
MAL
IDS
CHS
SID
GHT
REI
ONS
DIN
TSE
TRA
WAS
DON
AAF
SES
NRU
STC
OFE
DEV
LYM
AMI
ACT
UIL
IAT
PTT
NAM
LLE
OTH
MID
WOR
AIN
TBU
PUR
RTH
ART
FER
NTH
NCI
PTT
FAM
SID
ARE
LYT
CAT
XIC
THE
FME
TTH
EAR
BEE
MOR
PLE
PTA
SEL
OFT
MID
UIL
BSS
EST
HEP
LBO
HAR
ELL
RIN
ALS
LDT
OFT
ASE
HEC
HES
LTP
SBU
TTO
GER
HER
EPU
FON
SMA
ONA
EDP
SRE
LUS
LEP
SWE
HEM
TTO
THE
HSO
ONE
VER
SQU
THE
THA
IAN
CHO
PAR
RSH
FOR
TTE
EYB
EMS
TOD
LIE
THE
THE
NOR
IMI
NBE
MID
STO
DIN
LIE
MPL
HIT
THO
SYM
THE
ALM
OMW
EEG
SBE
LIF
EDT
OCO
DTH
IDT
SUN
TWA
ORD
OME
NCI
PTM
GYW
FRO
IME
NDT
ELI
RTH
SIZ
YOF
AMI
YPT
EAL
SUR
ATT
AOH
AKI
TEM
UTT
NPO
PER
OUT
RYA
NGT
IRC
HOW
SHO
OBE
ERE
ANY
ATT
MID
OTN
SLA
HEG
RAM
IZA
EWH
AMI
VED
STO
ASN
FEC
MED
DIN
EFI
AMI
IEV
ASB
EGY
OFD
ASN
EPY
TAL
MOO
SAN
TAT
RAT
SID
STE
DTH
THE
DTR
DWI
TSU
SBE
OWA
YPT
AMI
VED
ERE
ESA
LOR
ILU
ILF
THE
RIG
WHA
OBA
FIR
THS
UEP
BUI
IDU
TPY
CON
TOE
HRO
THE
ORY
SNO
SIN
DAP
CES
HEW
THE
UIL
THE
GYS
DIN
CON
ION
MPL
DST
ERP
GYP
MID
RIA
FSS
AVE
EAN
MPA
EAR
ENT
OUT
UBT
ANC
SHO
OON
HEF
RAM
EBU
IRF
AME
ATS
DIZ
LPY
OMP
NCL
EMA
MID
YAR
UND
MAI
IDA
ALL
PYR
RTH
SOU
UAR
ESI
NEX
MAI
IDA
SUR
NDA
AYT
DOW
LLE
ESO
MID
XES
EDS
ARY
RPY
FOR
MEM
DMO
SUR
DBY
RTO
FOR
MEM
RTH
ONP
SHA
EDC
RAB
THE
ANY
OAR
LDE
AUG
THE
DSW
LTU
WIS
LAB
HIS
CAT
MME
POR
OST
YRA
REB
NGB
HEJ
ETH
EAR
STO
YAN
NTL
FNO
CHO
LIE
WER
ILT
LAV
ATA
RHA
INA
ROF
OTH
WEC
DIS
FHA
RNA
EOR
ATE
ENS
LOS
REB
SPO
FOR
DBU
THE
STF
UCH
CEI
NGT
AWI
LUT
CHA
DEV
ERV
STH
THE
ETC
ASO
EHO
OME
IES
EVE
EOF
TWE
NPY
THE
MOU
MAL
EAT
DOF
ONT
EAR
EAR
UPA
ESE
NDT
UBT
MAI
TOL
OMT
YPT
ASU
REM
BEO
REP
SYE
ISC
